[19:23:35.837][info] [#0:C:/Users/joe.zhao/AppData/Local/nvim/bin/lsp/win/lua-ls\main.lua:66]: Lua Lsp startup, root: 	C:/Users/joe.zhao/AppData/Local/nvim/bin/lsp/win/lua-ls
[19:23:35.837][info] [#0:C:/Users/joe.zhao/AppData/Local/nvim/bin/lsp/win/lua-ls\main.lua:67]: ROOT:	C:/Users/joe.zhao/AppData/Local/nvim/bin/lsp/win/lua-ls
[19:23:35.837][info] [#0:C:/Users/joe.zhao/AppData/Local/nvim/bin/lsp/win/lua-ls\main.lua:68]: LOGPATH:	C:/Users/joe.zhao/AppData/Local/nvim/bin/lsp/win/lua-ls/log
[19:23:35.837][info] [#0:C:/Users/joe.zhao/AppData/Local/nvim/bin/lsp/win/lua-ls\main.lua:69]: METAPATH:	C:/Users/joe.zhao/AppData/Local/nvim/bin/lsp/win/lua-ls/meta
[19:23:35.852][info] [#0:C:/Users/joe.zhao/AppData/Local/nvim/bin/lsp/win/lua-ls\main.lua:70]: VERSION:	3.7.3
[19:23:35.962][info] [#0:script\service\service.lua:144]: 
========= Medical Examination Report =========
    --------------- Memory ---------------
        Total: 1.324 MB
        # 00 : 1.324 MB
        # 01 : 0.000 MB
        # 02 : 0.000 MB
        # 03 : 0.000 MB
        # 04 : 0.000 MB
    --------------- Coroutine ---------------
        Total:     0
        Running:   0
        Suspended: 0
        Normal:    0
        Dead:      0
    --------------- Cache ---------------
        Total: 1
        Dead:  0
    ---------------  RPC  ---------------
        Holdon:   0
        Waiting:  0
==============================================
[19:23:35.977][info] [#0:script\client.lua:657]: Client init	{
  capabilities = {
    textDocument = {
      callHierarchy = {
        dynamicRegistration = false
      },
      codeAction = {
        codeActionLiteralSupport = {
          codeActionKind = {
            valueSet = { "", "quickfix", "refactor", "refactor.extract", "refactor.inline", "refactor.rewrite", "source", "source.organizeImports" }
          }
        },
        dataSupport = true,
        dynamicRegistration = false,
        isPreferredSupport = true,
        resolveSupport = {
          properties = { "edit" }
        }
      },
      completion = {
        completionItem = {
          commitCharactersSupport = true,
          deprecatedSupport = true,
          documentationFormat = { "markdown", "plaintext" },
          insertReplaceSupport = true,
          insertTextModeSupport = {
            valueSet = { 1, 2 }
          },
          labelDetailsSupport = true,
          preselectSupport = true,
          resolveSupport = {
            properties = { "documentation", "detail", "additionalTextEdits", "sortText", "filterText", "insertText", "textEdit", "insertTextFormat", "insertTextMode" }
          },
          snippetSupport = true,
          tagSupport = {
            valueSet = { 1 }
          }
        },
        completionItemKind = {
          valueSet = { 1, 2, 3, 4, 5, 6, 7, 8, 9, 10, 11, 12, 13, 14, 15, 16, 17, 18, 19, 20, 21, 22, 23, 24, 25 }
        },
        completionList = {
          itemDefaults = { "commitCharacters", "editRange", "insertTextFormat", "insertTextMode", "data" }
        },
        contextSupport = true,
        dynamicRegistration = false,
        insertTextMode = 1
      },
      declaration = {
        linkSupport = true
      },
      definition = {
        linkSupport = true
      },
      documentHighlight = {
        dynamicRegistration = false
      },
      documentSymbol = {
        dynamicRegistration = false,
        hierarchicalDocumentSymbolSupport = true,
        symbolKind = {
          valueSet = { 1, 2, 3, 4, 5, 6, 7, 8, 9, 10, 11, 12, 13, 14, 15, 16, 17, 18, 19, 20, 21, 22, 23, 24, 25, 26 }
        }
      },
      hover = {
        contentFormat = { "markdown", "plaintext" },
        dynamicRegistration = false
      },
      implementation = {
        linkSupport = true
      },
      publishDiagnostics = {
        relatedInformation = true,
        tagSupport = {
          valueSet = { 1, 2 }
        }
      },
      references = {
        dynamicRegistration = false
      },
      rename = {
        dynamicRegistration = false,
        prepareSupport = true
      },
      semanticTokens = {
        augmentsSyntaxTokens = true,
        dynamicRegistration = false,
        formats = { "relative" },
        multilineTokenSupport = false,
        overlappingTokenSupport = true,
        requests = {
          full = {
            delta = true
          },
          range = false
        },
        serverCancelSupport = false,
        tokenModifiers = { "declaration", "definition", "readonly", "static", "deprecated", "abstract", "async", "modification", "documentation", "defaultLibrary" },
        tokenTypes = { "namespace", "type", "class", "enum", "interface", "struct", "typeParameter", "parameter", "variable", "property", "enumMember", "event", "function", "method", "macro", "keyword", "modifier", "comment", "string", "number", "regexp", "operator", "decorator" }
      },
      signatureHelp = {
        dynamicRegistration = false,
        signatureInformation = {
          activeParameterSupport = true,
          documentationFormat = { "markdown", "plaintext" },
          parameterInformation = {
            labelOffsetSupport = true
          }
        }
      },
      synchronization = {
        didSave = true,
        dynamicRegistration = false,
        willSave = true,
        willSaveWaitUntil = true
      },
      typeDefinition = {
        linkSupport = true
      }
    },
    window = {
      showDocument = {
        support = true
      },
      showMessage = {
        messageActionItem = {
          additionalPropertiesSupport = false
        }
      },
      workDoneProgress = true
    },
    workspace = {
      applyEdit = true,
      configuration = true,
      didChangeWatchedFiles = {
        dynamicRegistration = false,
        relativePatternSupport = true
      },
      semanticTokens = {
        refreshSupport = true
      },
      symbol = {
        dynamicRegistration = false,
        hierarchicalWorkspaceSymbolSupport = true,
        symbolKind = {
          valueSet = { 1, 2, 3, 4, 5, 6, 7, 8, 9, 10, 11, 12, 13, 14, 15, 16, 17, 18, 19, 20, 21, 22, 23, 24, 25, 26 }
        }
      },
      workspaceEdit = {
        resourceOperations = { "rename", "create", "delete" }
      },
      workspaceFolders = true
    }
  },
  clientInfo = {
    name = "Neovim",
    version = "0.9.4"
  },
  initializationOptions = {},
  processId = 26604,
  rootPath = "C:\\Users\\joe.zhao\\AppData\\Local\\nvim\\lua\\",
  rootUri = "file:///C:/Users/joe.zhao/AppData/Local/nvim/lua/",
  trace = "off",
  workspaceFolders = { {
      name = "C:/Users/joe.zhao/AppData/Local/nvim/lua/",
      uri = "file:///C:/Users/joe.zhao/AppData/Local/nvim/lua/"
    } }
}
[19:23:35.977][info] [#0:script\language.lua:137]: VSC language: nil
[19:23:35.977][info] [#0:script\language.lua:138]: LS  language: en-us
[19:23:35.977][info] [#0:script\workspace\workspace.lua:38]: Workspace init root: 	file:///C:/Users/joe.zhao/AppData/Local/nvim/lua/
[19:23:35.977][info] [#0:script\workspace\workspace.lua:42]: Log path: 	C:/Users/joe.zhao/AppData/Local/nvim/bin/lsp/win/lua-ls/log/file_C_Users_joe.zhao_AppData_Local_nvim_lua_.log
[19:23:36.009][warn] [#0:script\files.lua:111]: Fix real file uri: file:///c%3A/Users/joe.zhao/AppData/Local/nvim/lua/ -> file:///c%3A/Users/joe.zhao/AppData/Local/nvim/lua/lua
[19:23:36.009][info] [#0:script\workspace\workspace.lua:48]: Workspace create: 	file:///c%3A/Users/joe.zhao/AppData/Local/nvim/lua/lua
[19:23:36.618][info] [#0:script\provider\provider.lua:46]: Load config from client	file:///c%3A/Users/joe.zhao/AppData/Local/nvim/lua/lua
[19:23:36.618][info] [#0:script\provider\provider.lua:47]: {
  Lua = {
    diagnostics = {
      globals = { "vim" }
    },
    runtime = {
      path = { "", ".\\?.lua", "D:\\Applications\\Scoop\\apps\\neovim\\0.9.4\\bin\\lua\\?.lua", "D:\\Applications\\Scoop\\apps\\neovim\\0.9.4\\bin\\lua\\?\\init.lua", "", "D:\\5.1\\lua\\?.luac", "lua/?.lua", "lua/?/init.lua" },
      version = "LuaJIT"
    },
    telemetry = {
      enable = false
    },
    workspace = {
      checkThirdParty = false,
      library = { "D:\\Applications\\Scoop\\apps\\neovim\\0.9.4\\share\\nvim\\runtime\\lua", "C:\\Users\\joe.zhao\\AppData\\Local\\nvim/lua" }
    }
  }
}
[19:23:36.618][info] [#0:script\provider\provider.lua:46]: Load config from client	file:///c%3A/Users/joe.zhao/AppData/Local/nvim/lua/lua
[19:23:36.618][info] [#0:script\provider\provider.lua:47]: {
  Lua = {
    diagnostics = {
      globals = { "vim" }
    },
    runtime = {
      path = { "", ".\\?.lua", "D:\\Applications\\Scoop\\apps\\neovim\\0.9.4\\bin\\lua\\?.lua", "D:\\Applications\\Scoop\\apps\\neovim\\0.9.4\\bin\\lua\\?\\init.lua", "", "D:\\5.1\\lua\\?.luac", "lua/?.lua", "lua/?/init.lua" },
      version = "LuaJIT"
    },
    telemetry = {
      enable = false
    },
    workspace = {
      checkThirdParty = false,
      library = { "D:\\Applications\\Scoop\\apps\\neovim\\0.9.4\\share\\nvim\\runtime\\lua", "C:\\Users\\joe.zhao\\AppData\\Local\\nvim/lua" }
    }
  }
}
[19:23:36.618][info] [#0:script\provider\provider.lua:46]: Load config from client	file:///c%3A/Users/joe.zhao/AppData/Local/nvim/lua/lua
[19:23:36.618][info] [#0:script\provider\provider.lua:47]: {
  Lua = {
    diagnostics = {
      globals = { "vim" }
    },
    runtime = {
      path = { "", ".\\?.lua", "D:\\Applications\\Scoop\\apps\\neovim\\0.9.4\\bin\\lua\\?.lua", "D:\\Applications\\Scoop\\apps\\neovim\\0.9.4\\bin\\lua\\?\\init.lua", "", "D:\\5.1\\lua\\?.luac", "lua/?.lua", "lua/?/init.lua" },
      version = "LuaJIT"
    },
    telemetry = {
      enable = false
    },
    workspace = {
      checkThirdParty = false,
      library = { "D:\\Applications\\Scoop\\apps\\neovim\\0.9.4\\share\\nvim\\runtime\\lua", "C:\\Users\\joe.zhao\\AppData\\Local\\nvim/lua" }
    }
  }
}
[19:23:36.618][info] [#0:script\provider\provider.lua:61]: Load config from client	fallback
[19:23:36.618][info] [#0:script\provider\provider.lua:62]: {
  Lua = {
    diagnostics = {
      globals = { "vim" }
    },
    runtime = {
      path = { "", ".\\?.lua", "D:\\Applications\\Scoop\\apps\\neovim\\0.9.4\\bin\\lua\\?.lua", "D:\\Applications\\Scoop\\apps\\neovim\\0.9.4\\bin\\lua\\?\\init.lua", "", "D:\\5.1\\lua\\?.luac", "lua/?.lua", "lua/?/init.lua" },
      version = "LuaJIT"
    },
    telemetry = {
      enable = false
    },
    workspace = {
      checkThirdParty = false,
      library = { "D:\\Applications\\Scoop\\apps\\neovim\\0.9.4\\share\\nvim\\runtime\\lua", "C:\\Users\\joe.zhao\\AppData\\Local\\nvim/lua" }
    }
  }
}
[19:23:36.618][info] [#0:script\provider\provider.lua:61]: Load config from client	fallback
[19:23:36.618][info] [#0:script\provider\provider.lua:62]: {
  Lua = {
    diagnostics = {
      globals = { "vim" }
    },
    runtime = {
      path = { "", ".\\?.lua", "D:\\Applications\\Scoop\\apps\\neovim\\0.9.4\\bin\\lua\\?.lua", "D:\\Applications\\Scoop\\apps\\neovim\\0.9.4\\bin\\lua\\?\\init.lua", "", "D:\\5.1\\lua\\?.luac", "lua/?.lua", "lua/?/init.lua" },
      version = "LuaJIT"
    },
    telemetry = {
      enable = false
    },
    workspace = {
      checkThirdParty = false,
      library = { "D:\\Applications\\Scoop\\apps\\neovim\\0.9.4\\share\\nvim\\runtime\\lua", "C:\\Users\\joe.zhao\\AppData\\Local\\nvim/lua" }
    }
  }
}
[19:23:36.618][info] [#0:script\provider\provider.lua:61]: Load config from client	fallback
[19:23:36.618][info] [#0:script\provider\provider.lua:62]: {
  Lua = {
    diagnostics = {
      globals = { "vim" }
    },
    runtime = {
      path = { "", ".\\?.lua", "D:\\Applications\\Scoop\\apps\\neovim\\0.9.4\\bin\\lua\\?.lua", "D:\\Applications\\Scoop\\apps\\neovim\\0.9.4\\bin\\lua\\?\\init.lua", "", "D:\\5.1\\lua\\?.luac", "lua/?.lua", "lua/?/init.lua" },
      version = "LuaJIT"
    },
    telemetry = {
      enable = false
    },
    workspace = {
      checkThirdParty = false,
      library = { "D:\\Applications\\Scoop\\apps\\neovim\\0.9.4\\share\\nvim\\runtime\\lua", "C:\\Users\\joe.zhao\\AppData\\Local\\nvim/lua" }
    }
  }
}
[19:23:36.727][info] [#0:script\library.lua:212]: Init builtin library at:	file:///c%3A/Users/joe.zhao/AppData/Local/nvim/lua/lua
[19:23:36.868][info] [#0:script\plugin.lua:86]: plugin path:	C:\Users\joe.zhao\AppData\Local\nvim\lua\lua
[19:23:36.868][warn] [#0:script\plugin.lua:101]: plugin not found:	C:\Users\joe.zhao\AppData\Local\nvim\lua\lua
[19:23:36.868][info] [#0:script\library.lua:212]: Init builtin library at:	nil
[19:23:36.993][info] [#0:script\workspace\workspace.lua:324]: Preload start:	file:///c%3A/Users/joe.zhao/AppData/Local/nvim/lua/lua
[19:23:36.993][info] [#0:script\workspace\workspace.lua:330]: Scan files at:	file:///c%3A/Users/joe.zhao/AppData/Local/nvim/lua/lua
[19:23:36.993][info] [#0:script\workspace\workspace.lua:324]: Preload start:	<fallback>
[19:23:36.993][info] [#0:script\workspace\workspace.lua:353]: Scan library at:	file:///c%3A/Users/joe.zhao/AppData/Local/nvim/bin/lsp/win/lua-ls/meta/LuaJIT%20en-us%20utf8/ffi.lua
[19:23:36.993][info] [#0:script\workspace\workspace.lua:353]: Scan library at:	file:///c%3A/Users/joe.zhao/AppData/Local/nvim/bin/lsp/win/lua-ls/meta/LuaJIT%20en-us%20utf8/ffi.lua
[19:23:36.993][info] [#0:script\workspace\workspace.lua:353]: Scan library at:	file:///c%3A/Users/joe.zhao/AppData/Local/nvim/bin/lsp/win/lua-ls/meta/LuaJIT%20en-us%20utf8/jit/util.lua
[19:23:36.993][info] [#0:script\workspace\workspace.lua:353]: Scan library at:	file:///c%3A/Users/joe.zhao/AppData/Local/nvim/bin/lsp/win/lua-ls/meta/LuaJIT%20en-us%20utf8/jit/util.lua
[19:23:36.993][info] [#0:script\workspace\workspace.lua:353]: Scan library at:	file:///c%3A/Users/joe.zhao/AppData/Local/nvim/bin/lsp/win/lua-ls/meta/LuaJIT%20en-us%20utf8/os.lua
[19:23:36.993][info] [#0:script\workspace\workspace.lua:353]: Scan library at:	file:///c%3A/Users/joe.zhao/AppData/Local/nvim/bin/lsp/win/lua-ls/meta/LuaJIT%20en-us%20utf8/os.lua
[19:23:37.009][info] [#0:script\workspace\workspace.lua:353]: Scan library at:	file:///c%3A/Users/joe.zhao/AppData/Local/nvim/bin/lsp/win/lua-ls/meta/LuaJIT%20en-us%20utf8/package.lua
[19:23:37.009][info] [#0:script\workspace\workspace.lua:353]: Scan library at:	file:///c%3A/Users/joe.zhao/AppData/Local/nvim/bin/lsp/win/lua-ls/meta/LuaJIT%20en-us%20utf8/package.lua
[19:23:37.009][info] [#0:script\workspace\workspace.lua:353]: Scan library at:	file:///c%3A/Users/joe.zhao/AppData/Local/nvim/lua
[19:23:37.009][info] [#0:script\workspace\workspace.lua:353]: Scan library at:	file:///c%3A/Users/joe.zhao/AppData/Local/nvim/lua
[19:23:37.024][info] [#0:script\workspace\workspace.lua:353]: Scan library at:	file:///c%3A/Users/joe.zhao/AppData/Local/nvim/bin/lsp/win/lua-ls/meta/LuaJIT%20en-us%20utf8/debug.lua
[19:23:37.024][info] [#0:script\workspace\workspace.lua:353]: Scan library at:	file:///c%3A/Users/joe.zhao/AppData/Local/nvim/bin/lsp/win/lua-ls/meta/LuaJIT%20en-us%20utf8/debug.lua
[19:23:37.024][info] [#0:script\workspace\workspace.lua:353]: Scan library at:	file:///c%3A/Users/joe.zhao/AppData/Local/nvim/bin/lsp/win/lua-ls/meta/LuaJIT%20en-us%20utf8/math.lua
[19:23:37.024][info] [#0:script\workspace\workspace.lua:353]: Scan library at:	file:///c%3A/Users/joe.zhao/AppData/Local/nvim/bin/lsp/win/lua-ls/meta/LuaJIT%20en-us%20utf8/math.lua
[19:23:37.024][info] [#0:script\workspace\workspace.lua:353]: Scan library at:	file:///d%3A/Applications/Scoop/apps/neovim/0.9.4/share/nvim/runtime/lua
[19:23:37.024][info] [#0:script\workspace\workspace.lua:353]: Scan library at:	file:///d%3A/Applications/Scoop/apps/neovim/0.9.4/share/nvim/runtime/lua
[19:23:37.087][info] [#0:script\workspace\workspace.lua:353]: Scan library at:	file:///c%3A/Users/joe.zhao/AppData/Local/nvim/bin/lsp/win/lua-ls/meta/LuaJIT%20en-us%20utf8/jit/profile.lua
[19:23:37.087][info] [#0:script\workspace\workspace.lua:353]: Scan library at:	file:///c%3A/Users/joe.zhao/AppData/Local/nvim/bin/lsp/win/lua-ls/meta/LuaJIT%20en-us%20utf8/jit/profile.lua
[19:23:37.087][info] [#0:script\workspace\workspace.lua:353]: Scan library at:	file:///c%3A/Users/joe.zhao/AppData/Local/nvim/bin/lsp/win/lua-ls/meta/LuaJIT%20en-us%20utf8/basic.lua
[19:23:37.087][info] [#0:script\workspace\workspace.lua:353]: Scan library at:	file:///c%3A/Users/joe.zhao/AppData/Local/nvim/bin/lsp/win/lua-ls/meta/LuaJIT%20en-us%20utf8/basic.lua
[19:23:37.087][info] [#0:script\workspace\workspace.lua:353]: Scan library at:	file:///c%3A/Users/joe.zhao/AppData/Local/nvim/bin/lsp/win/lua-ls/meta/LuaJIT%20en-us%20utf8/string.lua
[19:23:37.102][info] [#0:script\workspace\workspace.lua:353]: Scan library at:	file:///c%3A/Users/joe.zhao/AppData/Local/nvim/bin/lsp/win/lua-ls/meta/LuaJIT%20en-us%20utf8/string.lua
[19:23:37.102][info] [#0:script\workspace\workspace.lua:353]: Scan library at:	file:///c%3A/Users/joe.zhao/AppData/Local/nvim/bin/lsp/win/lua-ls/meta/LuaJIT%20en-us%20utf8/coroutine.lua
[19:23:37.102][info] [#0:script\workspace\workspace.lua:353]: Scan library at:	file:///c%3A/Users/joe.zhao/AppData/Local/nvim/bin/lsp/win/lua-ls/meta/LuaJIT%20en-us%20utf8/coroutine.lua
[19:23:37.102][info] [#0:script\workspace\workspace.lua:353]: Scan library at:	file:///c%3A/Users/joe.zhao/AppData/Local/nvim/bin/lsp/win/lua-ls/meta/LuaJIT%20en-us%20utf8/bit.lua
[19:23:37.102][info] [#0:script\workspace\workspace.lua:353]: Scan library at:	file:///c%3A/Users/joe.zhao/AppData/Local/nvim/bin/lsp/win/lua-ls/meta/LuaJIT%20en-us%20utf8/bit.lua
[19:23:37.102][info] [#0:script\workspace\workspace.lua:353]: Scan library at:	file:///c%3A/Users/joe.zhao/AppData/Local/nvim/bin/lsp/win/lua-ls/meta/LuaJIT%20en-us%20utf8/io.lua
[19:23:37.102][info] [#0:script\workspace\workspace.lua:353]: Scan library at:	file:///c%3A/Users/joe.zhao/AppData/Local/nvim/bin/lsp/win/lua-ls/meta/LuaJIT%20en-us%20utf8/io.lua
[19:23:37.102][info] [#0:script\workspace\workspace.lua:353]: Scan library at:	file:///c%3A/Users/joe.zhao/AppData/Local/nvim/bin/lsp/win/lua-ls/meta/LuaJIT%20en-us%20utf8/table/clear.lua
[19:23:37.102][info] [#0:script\workspace\workspace.lua:353]: Scan library at:	file:///c%3A/Users/joe.zhao/AppData/Local/nvim/bin/lsp/win/lua-ls/meta/LuaJIT%20en-us%20utf8/table/clear.lua
[19:23:37.102][info] [#0:script\workspace\workspace.lua:353]: Scan library at:	file:///c%3A/Users/joe.zhao/AppData/Local/nvim/bin/lsp/win/lua-ls/meta/LuaJIT%20en-us%20utf8/table/new.lua
[19:23:37.102][info] [#0:script\workspace\workspace.lua:353]: Scan library at:	file:///c%3A/Users/joe.zhao/AppData/Local/nvim/bin/lsp/win/lua-ls/meta/LuaJIT%20en-us%20utf8/table/new.lua
[19:23:37.102][info] [#0:script\workspace\workspace.lua:353]: Scan library at:	file:///c%3A/Users/joe.zhao/AppData/Local/nvim/bin/lsp/win/lua-ls/meta/LuaJIT%20en-us%20utf8/string/buffer.lua
[19:23:37.102][info] [#0:script\workspace\workspace.lua:353]: Scan library at:	file:///c%3A/Users/joe.zhao/AppData/Local/nvim/bin/lsp/win/lua-ls/meta/LuaJIT%20en-us%20utf8/string/buffer.lua
[19:23:37.102][info] [#0:script\workspace\workspace.lua:353]: Scan library at:	file:///c%3A/Users/joe.zhao/AppData/Local/nvim/bin/lsp/win/lua-ls/meta/LuaJIT%20en-us%20utf8/jit.lua
[19:23:37.102][info] [#0:script\workspace\workspace.lua:353]: Scan library at:	file:///c%3A/Users/joe.zhao/AppData/Local/nvim/bin/lsp/win/lua-ls/meta/LuaJIT%20en-us%20utf8/jit.lua
[19:23:37.102][info] [#0:script\workspace\workspace.lua:353]: Scan library at:	file:///c%3A/Users/joe.zhao/AppData/Local/nvim/bin/lsp/win/lua-ls/meta/LuaJIT%20en-us%20utf8/builtin.lua
[19:23:37.102][info] [#0:script\workspace\workspace.lua:353]: Scan library at:	file:///c%3A/Users/joe.zhao/AppData/Local/nvim/bin/lsp/win/lua-ls/meta/LuaJIT%20en-us%20utf8/builtin.lua
[19:23:37.102][info] [#0:script\workspace\workspace.lua:353]: Scan library at:	file:///c%3A/Users/joe.zhao/AppData/Local/nvim/bin/lsp/win/lua-ls/meta/LuaJIT%20en-us%20utf8/table.lua
[19:23:37.102][info] [#0:script\workspace\workspace.lua:353]: Scan library at:	file:///c%3A/Users/joe.zhao/AppData/Local/nvim/bin/lsp/win/lua-ls/meta/LuaJIT%20en-us%20utf8/table.lua
[19:23:37.212][info] [#0:script\workspace\workspace.lua:379]: Found 102 files at:	<fallback>
[19:23:37.212][info] [#0:script\workspace\loading.lua:161]: Load files from disk:	<fallback>
[19:23:37.212][info] [#0:script\workspace\workspace.lua:379]: Found 102 files at:	file:///c%3A/Users/joe.zhao/AppData/Local/nvim/lua/lua
[19:23:37.212][info] [#0:script\workspace\loading.lua:161]: Load files from disk:	file:///c%3A/Users/joe.zhao/AppData/Local/nvim/lua/lua
[19:23:37.306][info] [#0:script\workspace\loading.lua:101]: Preload file at: file:///c%3A/Users/joe.zhao/AppData/Local/nvim/bin/lsp/win/lua-ls/meta/LuaJIT%20en-us%20utf8/table.lua , size = 4.230 KB
[19:23:37.321][info] [#0:script\workspace\loading.lua:113]: ++++As library of:	file:///c%3A/Users/joe.zhao/AppData/Local/nvim/bin/lsp/win/lua-ls/meta/LuaJIT%20en-us%20utf8/table.lua
[19:23:37.321][info] [#0:script\workspace\loading.lua:98]: Skip loaded file: file:///c%3A/Users/joe.zhao/AppData/Local/nvim/bin/lsp/win/lua-ls/meta/LuaJIT%20en-us%20utf8/table.lua
[19:23:37.321][info] [#0:script\workspace\loading.lua:101]: Preload file at: file:///c%3A/Users/joe.zhao/AppData/Local/nvim/bin/lsp/win/lua-ls/meta/LuaJIT%20en-us%20utf8/builtin.lua , size = 0.302 KB
[19:23:37.321][info] [#0:script\workspace\loading.lua:113]: ++++As library of:	file:///c%3A/Users/joe.zhao/AppData/Local/nvim/bin/lsp/win/lua-ls/meta/LuaJIT%20en-us%20utf8/builtin.lua
[19:23:37.321][info] [#0:script\workspace\loading.lua:98]: Skip loaded file: file:///c%3A/Users/joe.zhao/AppData/Local/nvim/bin/lsp/win/lua-ls/meta/LuaJIT%20en-us%20utf8/builtin.lua
[19:23:37.321][info] [#0:script\workspace\loading.lua:101]: Preload file at: file:///c%3A/Users/joe.zhao/AppData/Local/nvim/bin/lsp/win/lua-ls/meta/LuaJIT%20en-us%20utf8/jit.lua , size = 0.884 KB
[19:23:37.321][info] [#0:script\workspace\loading.lua:113]: ++++As library of:	file:///c%3A/Users/joe.zhao/AppData/Local/nvim/bin/lsp/win/lua-ls/meta/LuaJIT%20en-us%20utf8/jit.lua
[19:23:37.321][info] [#0:script\workspace\loading.lua:98]: Skip loaded file: file:///c%3A/Users/joe.zhao/AppData/Local/nvim/bin/lsp/win/lua-ls/meta/LuaJIT%20en-us%20utf8/jit.lua
[19:23:37.321][info] [#0:script\workspace\loading.lua:101]: Preload file at: file:///c%3A/Users/joe.zhao/AppData/Local/nvim/bin/lsp/win/lua-ls/meta/LuaJIT%20en-us%20utf8/string/buffer.lua , size = 18.123 KB
[19:23:37.321][info] [#0:script\workspace\loading.lua:113]: ++++As library of:	file:///c%3A/Users/joe.zhao/AppData/Local/nvim/bin/lsp/win/lua-ls/meta/LuaJIT%20en-us%20utf8/string/buffer.lua
[19:23:37.321][info] [#0:script\workspace\loading.lua:98]: Skip loaded file: file:///c%3A/Users/joe.zhao/AppData/Local/nvim/bin/lsp/win/lua-ls/meta/LuaJIT%20en-us%20utf8/string/buffer.lua
[19:23:37.321][info] [#0:script\workspace\loading.lua:101]: Preload file at: file:///c%3A/Users/joe.zhao/AppData/Local/nvim/bin/lsp/win/lua-ls/meta/LuaJIT%20en-us%20utf8/table/new.lua , size = 0.642 KB
[19:23:37.321][info] [#0:script\workspace\loading.lua:113]: ++++As library of:	file:///c%3A/Users/joe.zhao/AppData/Local/nvim/bin/lsp/win/lua-ls/meta/LuaJIT%20en-us%20utf8/table/new.lua
[19:23:37.321][info] [#0:script\workspace\loading.lua:98]: Skip loaded file: file:///c%3A/Users/joe.zhao/AppData/Local/nvim/bin/lsp/win/lua-ls/meta/LuaJIT%20en-us%20utf8/table/new.lua
[19:23:37.321][info] [#0:script\workspace\loading.lua:101]: Preload file at: file:///c%3A/Users/joe.zhao/AppData/Local/nvim/bin/lsp/win/lua-ls/meta/LuaJIT%20en-us%20utf8/table/clear.lua , size = 0.797 KB
[19:23:37.321][info] [#0:script\workspace\loading.lua:113]: ++++As library of:	file:///c%3A/Users/joe.zhao/AppData/Local/nvim/bin/lsp/win/lua-ls/meta/LuaJIT%20en-us%20utf8/table/clear.lua
[19:23:37.321][info] [#0:script\workspace\loading.lua:98]: Skip loaded file: file:///c%3A/Users/joe.zhao/AppData/Local/nvim/bin/lsp/win/lua-ls/meta/LuaJIT%20en-us%20utf8/table/clear.lua
[19:23:37.321][info] [#0:script\workspace\loading.lua:101]: Preload file at: file:///c%3A/Users/joe.zhao/AppData/Local/nvim/bin/lsp/win/lua-ls/meta/LuaJIT%20en-us%20utf8/io.lua , size = 6.364 KB
[19:23:37.337][info] [#0:script\workspace\loading.lua:113]: ++++As library of:	file:///c%3A/Users/joe.zhao/AppData/Local/nvim/bin/lsp/win/lua-ls/meta/LuaJIT%20en-us%20utf8/io.lua
[19:23:37.337][info] [#0:script\workspace\loading.lua:98]: Skip loaded file: file:///c%3A/Users/joe.zhao/AppData/Local/nvim/bin/lsp/win/lua-ls/meta/LuaJIT%20en-us%20utf8/io.lua
[19:23:37.337][info] [#0:script\workspace\loading.lua:101]: Preload file at: file:///c%3A/Users/joe.zhao/AppData/Local/nvim/bin/lsp/win/lua-ls/meta/LuaJIT%20en-us%20utf8/bit.lua , size = 1.320 KB
[19:23:37.337][info] [#0:script\workspace\loading.lua:113]: ++++As library of:	file:///c%3A/Users/joe.zhao/AppData/Local/nvim/bin/lsp/win/lua-ls/meta/LuaJIT%20en-us%20utf8/bit.lua
[19:23:37.337][info] [#0:script\workspace\loading.lua:98]: Skip loaded file: file:///c%3A/Users/joe.zhao/AppData/Local/nvim/bin/lsp/win/lua-ls/meta/LuaJIT%20en-us%20utf8/bit.lua
[19:23:37.337][info] [#0:script\workspace\loading.lua:101]: Preload file at: file:///c%3A/Users/joe.zhao/AppData/Local/nvim/bin/lsp/win/lua-ls/meta/LuaJIT%20en-us%20utf8/coroutine.lua , size = 2.541 KB
[19:23:37.337][info] [#0:script\workspace\loading.lua:113]: ++++As library of:	file:///c%3A/Users/joe.zhao/AppData/Local/nvim/bin/lsp/win/lua-ls/meta/LuaJIT%20en-us%20utf8/coroutine.lua
[19:23:37.337][info] [#0:script\workspace\loading.lua:98]: Skip loaded file: file:///c%3A/Users/joe.zhao/AppData/Local/nvim/bin/lsp/win/lua-ls/meta/LuaJIT%20en-us%20utf8/coroutine.lua
[19:23:37.337][info] [#0:script\workspace\loading.lua:101]: Preload file at: file:///c%3A/Users/joe.zhao/AppData/Local/nvim/bin/lsp/win/lua-ls/meta/LuaJIT%20en-us%20utf8/string.lua , size = 6.323 KB
[19:23:37.337][info] [#0:script\workspace\loading.lua:113]: ++++As library of:	file:///c%3A/Users/joe.zhao/AppData/Local/nvim/bin/lsp/win/lua-ls/meta/LuaJIT%20en-us%20utf8/string.lua
[19:23:37.337][info] [#0:script\workspace\loading.lua:98]: Skip loaded file: file:///c%3A/Users/joe.zhao/AppData/Local/nvim/bin/lsp/win/lua-ls/meta/LuaJIT%20en-us%20utf8/string.lua
[19:23:37.337][info] [#0:script\workspace\loading.lua:101]: Preload file at: file:///c%3A/Users/joe.zhao/AppData/Local/nvim/bin/lsp/win/lua-ls/meta/LuaJIT%20en-us%20utf8/basic.lua , size = 14.989 KB
[19:23:37.352][info] [#0:script\workspace\loading.lua:113]: ++++As library of:	file:///c%3A/Users/joe.zhao/AppData/Local/nvim/bin/lsp/win/lua-ls/meta/LuaJIT%20en-us%20utf8/basic.lua
[19:23:37.352][info] [#0:script\workspace\loading.lua:98]: Skip loaded file: file:///c%3A/Users/joe.zhao/AppData/Local/nvim/bin/lsp/win/lua-ls/meta/LuaJIT%20en-us%20utf8/basic.lua
[19:23:37.352][info] [#0:script\workspace\loading.lua:101]: Preload file at: file:///c%3A/Users/joe.zhao/AppData/Local/nvim/bin/lsp/win/lua-ls/meta/LuaJIT%20en-us%20utf8/jit/profile.lua , size = 0.348 KB
[19:23:37.352][info] [#0:script\workspace\loading.lua:113]: ++++As library of:	file:///c%3A/Users/joe.zhao/AppData/Local/nvim/bin/lsp/win/lua-ls/meta/LuaJIT%20en-us%20utf8/jit/profile.lua
[19:23:37.352][info] [#0:script\workspace\loading.lua:98]: Skip loaded file: file:///c%3A/Users/joe.zhao/AppData/Local/nvim/bin/lsp/win/lua-ls/meta/LuaJIT%20en-us%20utf8/jit/profile.lua
[19:23:37.352][info] [#0:script\workspace\loading.lua:101]: Preload file at: file:///d%3A/Applications/Scoop/apps/neovim/0.9.4/share/nvim/runtime/lua/editorconfig.lua , size = 7.738 KB
[19:23:37.352][info] [#0:script\workspace\loading.lua:113]: ++++As library of:	file:///d%3A/Applications/Scoop/apps/neovim/0.9.4/share/nvim/runtime/lua
[19:23:37.352][info] [#0:script\workspace\loading.lua:98]: Skip loaded file: file:///d%3A/Applications/Scoop/apps/neovim/0.9.4/share/nvim/runtime/lua/editorconfig.lua
[19:23:37.368][info] [#0:script\workspace\loading.lua:101]: Preload file at: file:///d%3A/Applications/Scoop/apps/neovim/0.9.4/share/nvim/runtime/lua/jit/bc.lua , size = 5.417 KB
[19:23:37.368][info] [#0:script\workspace\loading.lua:113]: ++++As library of:	file:///d%3A/Applications/Scoop/apps/neovim/0.9.4/share/nvim/runtime/lua
[19:23:37.368][info] [#0:script\workspace\loading.lua:98]: Skip loaded file: file:///d%3A/Applications/Scoop/apps/neovim/0.9.4/share/nvim/runtime/lua/jit/bc.lua
[19:23:37.368][info] [#0:script\workspace\loading.lua:101]: Preload file at: file:///d%3A/Applications/Scoop/apps/neovim/0.9.4/share/nvim/runtime/lua/jit/bcsave.lua , size = 19.096 KB
[19:23:37.384][info] [#0:script\workspace\loading.lua:113]: ++++As library of:	file:///d%3A/Applications/Scoop/apps/neovim/0.9.4/share/nvim/runtime/lua
[19:23:37.384][info] [#0:script\workspace\loading.lua:98]: Skip loaded file: file:///d%3A/Applications/Scoop/apps/neovim/0.9.4/share/nvim/runtime/lua/jit/bcsave.lua
[19:23:37.384][info] [#0:script\workspace\loading.lua:101]: Preload file at: file:///d%3A/Applications/Scoop/apps/neovim/0.9.4/share/nvim/runtime/lua/jit/dis_arm.lua , size = 18.891 KB
[19:23:37.399][info] [#0:script\workspace\loading.lua:113]: ++++As library of:	file:///d%3A/Applications/Scoop/apps/neovim/0.9.4/share/nvim/runtime/lua
[19:23:37.399][info] [#0:script\workspace\loading.lua:98]: Skip loaded file: file:///d%3A/Applications/Scoop/apps/neovim/0.9.4/share/nvim/runtime/lua/jit/dis_arm.lua
[19:23:37.399][info] [#0:script\workspace\loading.lua:101]: Preload file at: file:///d%3A/Applications/Scoop/apps/neovim/0.9.4/share/nvim/runtime/lua/jit/dis_arm64.lua , size = 30.163 KB
[19:23:37.415][info] [#0:script\workspace\loading.lua:113]: ++++As library of:	file:///d%3A/Applications/Scoop/apps/neovim/0.9.4/share/nvim/runtime/lua
[19:23:37.415][info] [#0:script\workspace\loading.lua:98]: Skip loaded file: file:///d%3A/Applications/Scoop/apps/neovim/0.9.4/share/nvim/runtime/lua/jit/dis_arm64.lua
[19:23:37.415][info] [#0:script\workspace\loading.lua:101]: Preload file at: file:///d%3A/Applications/Scoop/apps/neovim/0.9.4/share/nvim/runtime/lua/jit/dis_arm64be.lua , size = 0.604 KB
[19:23:37.415][info] [#0:script\workspace\loading.lua:113]: ++++As library of:	file:///d%3A/Applications/Scoop/apps/neovim/0.9.4/share/nvim/runtime/lua
[19:23:37.415][info] [#0:script\workspace\loading.lua:98]: Skip loaded file: file:///d%3A/Applications/Scoop/apps/neovim/0.9.4/share/nvim/runtime/lua/jit/dis_arm64be.lua
[19:23:37.415][info] [#0:script\workspace\loading.lua:101]: Preload file at: file:///d%3A/Applications/Scoop/apps/neovim/0.9.4/share/nvim/runtime/lua/jit/dis_mips.lua , size = 21.494 KB
[19:23:37.431][info] [#0:script\workspace\loading.lua:113]: ++++As library of:	file:///d%3A/Applications/Scoop/apps/neovim/0.9.4/share/nvim/runtime/lua
[19:23:37.431][info] [#0:script\workspace\loading.lua:98]: Skip loaded file: file:///d%3A/Applications/Scoop/apps/neovim/0.9.4/share/nvim/runtime/lua/jit/dis_mips.lua
[19:23:37.431][info] [#0:script\workspace\loading.lua:101]: Preload file at: file:///d%3A/Applications/Scoop/apps/neovim/0.9.4/share/nvim/runtime/lua/jit/dis_mips64.lua , size = 0.689 KB
[19:23:37.446][info] [#0:script\workspace\loading.lua:113]: ++++As library of:	file:///d%3A/Applications/Scoop/apps/neovim/0.9.4/share/nvim/runtime/lua
[19:23:37.446][info] [#0:script\workspace\loading.lua:98]: Skip loaded file: file:///d%3A/Applications/Scoop/apps/neovim/0.9.4/share/nvim/runtime/lua/jit/dis_mips64.lua
[19:23:37.446][info] [#0:script\workspace\loading.lua:101]: Preload file at: file:///d%3A/Applications/Scoop/apps/neovim/0.9.4/share/nvim/runtime/lua/jit/dis_mips64el.lua , size = 0.700 KB
[19:23:37.446][info] [#0:script\workspace\loading.lua:113]: ++++As library of:	file:///d%3A/Applications/Scoop/apps/neovim/0.9.4/share/nvim/runtime/lua
[19:23:37.446][info] [#0:script\workspace\loading.lua:98]: Skip loaded file: file:///d%3A/Applications/Scoop/apps/neovim/0.9.4/share/nvim/runtime/lua/jit/dis_mips64el.lua
[19:23:37.446][info] [#0:script\workspace\loading.lua:101]: Preload file at: file:///d%3A/Applications/Scoop/apps/neovim/0.9.4/share/nvim/runtime/lua/jit/dis_mips64r6.lua , size = 0.700 KB
[19:23:37.446][info] [#0:script\workspace\loading.lua:113]: ++++As library of:	file:///d%3A/Applications/Scoop/apps/neovim/0.9.4/share/nvim/runtime/lua
[19:23:37.446][info] [#0:script\workspace\loading.lua:98]: Skip loaded file: file:///d%3A/Applications/Scoop/apps/neovim/0.9.4/share/nvim/runtime/lua/jit/dis_mips64r6.lua
[19:23:37.446][info] [#0:script\workspace\loading.lua:101]: Preload file at: file:///d%3A/Applications/Scoop/apps/neovim/0.9.4/share/nvim/runtime/lua/jit/dis_mips64r6el.lua , size = 0.711 KB
[19:23:37.446][info] [#0:script\workspace\loading.lua:113]: ++++As library of:	file:///d%3A/Applications/Scoop/apps/neovim/0.9.4/share/nvim/runtime/lua
[19:23:37.446][info] [#0:script\workspace\loading.lua:98]: Skip loaded file: file:///d%3A/Applications/Scoop/apps/neovim/0.9.4/share/nvim/runtime/lua/jit/dis_mips64r6el.lua
[19:23:37.446][info] [#0:script\workspace\loading.lua:101]: Preload file at: file:///d%3A/Applications/Scoop/apps/neovim/0.9.4/share/nvim/runtime/lua/jit/dis_mipsel.lua , size = 0.698 KB
[19:23:37.446][info] [#0:script\workspace\loading.lua:113]: ++++As library of:	file:///d%3A/Applications/Scoop/apps/neovim/0.9.4/share/nvim/runtime/lua
[19:23:37.446][info] [#0:script\workspace\loading.lua:98]: Skip loaded file: file:///d%3A/Applications/Scoop/apps/neovim/0.9.4/share/nvim/runtime/lua/jit/dis_mipsel.lua
[19:23:37.446][info] [#0:script\workspace\loading.lua:101]: Preload file at: file:///d%3A/Applications/Scoop/apps/neovim/0.9.4/share/nvim/runtime/lua/jit/dis_ppc.lua , size = 19.825 KB
[19:23:37.446][info] [#0:script\workspace\loading.lua:113]: ++++As library of:	file:///d%3A/Applications/Scoop/apps/neovim/0.9.4/share/nvim/runtime/lua
[19:23:37.446][info] [#0:script\workspace\loading.lua:98]: Skip loaded file: file:///d%3A/Applications/Scoop/apps/neovim/0.9.4/share/nvim/runtime/lua/jit/dis_ppc.lua
[19:23:37.446][info] [#0:script\workspace\loading.lua:101]: Preload file at: file:///d%3A/Applications/Scoop/apps/neovim/0.9.4/share/nvim/runtime/lua/jit/dis_x64.lua , size = 0.695 KB
[19:23:37.446][info] [#0:script\workspace\loading.lua:113]: ++++As library of:	file:///d%3A/Applications/Scoop/apps/neovim/0.9.4/share/nvim/runtime/lua
[19:23:37.446][info] [#0:script\workspace\loading.lua:98]: Skip loaded file: file:///d%3A/Applications/Scoop/apps/neovim/0.9.4/share/nvim/runtime/lua/jit/dis_x64.lua
[19:23:37.446][info] [#0:script\workspace\loading.lua:101]: Preload file at: file:///d%3A/Applications/Scoop/apps/neovim/0.9.4/share/nvim/runtime/lua/jit/dis_x86.lua , size = 33.033 KB
[19:23:37.477][info] [#0:script\workspace\loading.lua:113]: ++++As library of:	file:///d%3A/Applications/Scoop/apps/neovim/0.9.4/share/nvim/runtime/lua
[19:23:37.477][info] [#0:script\workspace\loading.lua:98]: Skip loaded file: file:///d%3A/Applications/Scoop/apps/neovim/0.9.4/share/nvim/runtime/lua/jit/dis_x86.lua
[19:23:37.477][info] [#0:script\workspace\loading.lua:101]: Preload file at: file:///d%3A/Applications/Scoop/apps/neovim/0.9.4/share/nvim/runtime/lua/jit/dump.lua , size = 20.130 KB
[19:23:37.493][info] [#0:script\workspace\loading.lua:113]: ++++As library of:	file:///d%3A/Applications/Scoop/apps/neovim/0.9.4/share/nvim/runtime/lua
[19:23:37.493][info] [#0:script\workspace\loading.lua:98]: Skip loaded file: file:///d%3A/Applications/Scoop/apps/neovim/0.9.4/share/nvim/runtime/lua/jit/dump.lua
[19:23:37.493][info] [#0:script\workspace\loading.lua:101]: Preload file at: file:///d%3A/Applications/Scoop/apps/neovim/0.9.4/share/nvim/runtime/lua/jit/p.lua , size = 8.891 KB
[19:23:37.493][info] [#0:script\workspace\loading.lua:113]: ++++As library of:	file:///d%3A/Applications/Scoop/apps/neovim/0.9.4/share/nvim/runtime/lua
[19:23:37.493][info] [#0:script\workspace\loading.lua:98]: Skip loaded file: file:///d%3A/Applications/Scoop/apps/neovim/0.9.4/share/nvim/runtime/lua/jit/p.lua
[19:23:37.493][info] [#0:script\workspace\loading.lua:101]: Preload file at: file:///d%3A/Applications/Scoop/apps/neovim/0.9.4/share/nvim/runtime/lua/jit/v.lua , size = 5.576 KB
[19:23:37.493][info] [#0:script\workspace\loading.lua:113]: ++++As library of:	file:///d%3A/Applications/Scoop/apps/neovim/0.9.4/share/nvim/runtime/lua
[19:23:37.493][info] [#0:script\workspace\loading.lua:98]: Skip loaded file: file:///d%3A/Applications/Scoop/apps/neovim/0.9.4/share/nvim/runtime/lua/jit/v.lua
[19:23:37.493][info] [#0:script\workspace\loading.lua:101]: Preload file at: file:///d%3A/Applications/Scoop/apps/neovim/0.9.4/share/nvim/runtime/lua/jit/vmdef.lua , size = 8.307 KB
[19:23:37.493][info] [#0:script\workspace\loading.lua:113]: ++++As library of:	file:///d%3A/Applications/Scoop/apps/neovim/0.9.4/share/nvim/runtime/lua
[19:23:37.493][info] [#0:script\workspace\loading.lua:98]: Skip loaded file: file:///d%3A/Applications/Scoop/apps/neovim/0.9.4/share/nvim/runtime/lua/jit/vmdef.lua
[19:23:37.493][info] [#0:script\workspace\loading.lua:101]: Preload file at: file:///d%3A/Applications/Scoop/apps/neovim/0.9.4/share/nvim/runtime/lua/jit/zone.lua , size = 0.979 KB
[19:23:37.509][info] [#0:script\workspace\loading.lua:113]: ++++As library of:	file:///d%3A/Applications/Scoop/apps/neovim/0.9.4/share/nvim/runtime/lua
[19:23:37.509][info] [#0:script\workspace\loading.lua:98]: Skip loaded file: file:///d%3A/Applications/Scoop/apps/neovim/0.9.4/share/nvim/runtime/lua/jit/zone.lua
[19:23:37.509][info] [#0:script\workspace\loading.lua:101]: Preload file at: file:///d%3A/Applications/Scoop/apps/neovim/0.9.4/share/nvim/runtime/lua/man.lua , size = 25.932 KB
[19:23:37.524][info] [#0:script\workspace\loading.lua:113]: ++++As library of:	file:///d%3A/Applications/Scoop/apps/neovim/0.9.4/share/nvim/runtime/lua
[19:23:37.524][info] [#0:script\workspace\loading.lua:98]: Skip loaded file: file:///d%3A/Applications/Scoop/apps/neovim/0.9.4/share/nvim/runtime/lua/man.lua
[19:23:37.524][info] [#0:script\workspace\loading.lua:101]: Preload file at: file:///d%3A/Applications/Scoop/apps/neovim/0.9.4/share/nvim/runtime/lua/nvim/health.lua , size = 13.105 KB
[19:23:37.524][info] [#0:script\workspace\loading.lua:113]: ++++As library of:	file:///d%3A/Applications/Scoop/apps/neovim/0.9.4/share/nvim/runtime/lua
[19:23:37.524][info] [#0:script\workspace\loading.lua:98]: Skip loaded file: file:///d%3A/Applications/Scoop/apps/neovim/0.9.4/share/nvim/runtime/lua/nvim/health.lua
[19:23:37.524][info] [#0:script\workspace\loading.lua:101]: Preload file at: file:///d%3A/Applications/Scoop/apps/neovim/0.9.4/share/nvim/runtime/lua/vim/diagnostic.lua , size = 58.342 KB
[19:23:37.556][info] [#0:script\workspace\loading.lua:113]: ++++As library of:	file:///d%3A/Applications/Scoop/apps/neovim/0.9.4/share/nvim/runtime/lua
[19:23:37.556][info] [#0:script\workspace\loading.lua:98]: Skip loaded file: file:///d%3A/Applications/Scoop/apps/neovim/0.9.4/share/nvim/runtime/lua/vim/diagnostic.lua
[19:23:37.556][info] [#0:script\workspace\loading.lua:101]: Preload file at: file:///d%3A/Applications/Scoop/apps/neovim/0.9.4/share/nvim/runtime/lua/vim/F.lua , size = 0.871 KB
[19:23:37.556][info] [#0:script\workspace\loading.lua:113]: ++++As library of:	file:///d%3A/Applications/Scoop/apps/neovim/0.9.4/share/nvim/runtime/lua
[19:23:37.556][info] [#0:script\workspace\loading.lua:98]: Skip loaded file: file:///d%3A/Applications/Scoop/apps/neovim/0.9.4/share/nvim/runtime/lua/vim/F.lua
[19:23:37.556][info] [#0:script\workspace\loading.lua:101]: Preload file at: file:///d%3A/Applications/Scoop/apps/neovim/0.9.4/share/nvim/runtime/lua/vim/filetype/detect.lua , size = 49.296 KB
[19:23:37.587][info] [#0:script\workspace\loading.lua:113]: ++++As library of:	file:///d%3A/Applications/Scoop/apps/neovim/0.9.4/share/nvim/runtime/lua
[19:23:37.587][info] [#0:script\workspace\loading.lua:98]: Skip loaded file: file:///d%3A/Applications/Scoop/apps/neovim/0.9.4/share/nvim/runtime/lua/vim/filetype/detect.lua
[19:23:37.587][info] [#0:script\workspace\loading.lua:101]: Preload file at: file:///d%3A/Applications/Scoop/apps/neovim/0.9.4/share/nvim/runtime/lua/vim/filetype/options.lua , size = 2.646 KB
[19:23:37.587][info] [#0:script\workspace\loading.lua:113]: ++++As library of:	file:///d%3A/Applications/Scoop/apps/neovim/0.9.4/share/nvim/runtime/lua
[19:23:37.587][info] [#0:script\workspace\loading.lua:98]: Skip loaded file: file:///d%3A/Applications/Scoop/apps/neovim/0.9.4/share/nvim/runtime/lua/vim/filetype/options.lua
[19:23:37.587][info] [#0:script\workspace\loading.lua:101]: Preload file at: file:///d%3A/Applications/Scoop/apps/neovim/0.9.4/share/nvim/runtime/lua/vim/filetype.lua , size = 77.000 KB
[19:23:37.634][info] [#0:script\workspace\loading.lua:113]: ++++As library of:	file:///d%3A/Applications/Scoop/apps/neovim/0.9.4/share/nvim/runtime/lua
[19:23:37.634][info] [#0:script\workspace\loading.lua:98]: Skip loaded file: file:///d%3A/Applications/Scoop/apps/neovim/0.9.4/share/nvim/runtime/lua/vim/filetype.lua
[19:23:37.634][info] [#0:script\workspace\loading.lua:101]: Preload file at: file:///d%3A/Applications/Scoop/apps/neovim/0.9.4/share/nvim/runtime/lua/vim/fs.lua , size = 11.048 KB
[19:23:37.634][info] [#0:script\workspace\loading.lua:113]: ++++As library of:	file:///d%3A/Applications/Scoop/apps/neovim/0.9.4/share/nvim/runtime/lua
[19:23:37.634][info] [#0:script\workspace\loading.lua:98]: Skip loaded file: file:///d%3A/Applications/Scoop/apps/neovim/0.9.4/share/nvim/runtime/lua/vim/fs.lua
[19:23:37.634][info] [#0:script\workspace\loading.lua:101]: Preload file at: file:///d%3A/Applications/Scoop/apps/neovim/0.9.4/share/nvim/runtime/lua/vim/health.lua , size = 1.858 KB
[19:23:37.649][info] [#0:script\workspace\loading.lua:113]: ++++As library of:	file:///d%3A/Applications/Scoop/apps/neovim/0.9.4/share/nvim/runtime/lua
[19:23:37.649][info] [#0:script\workspace\loading.lua:98]: Skip loaded file: file:///d%3A/Applications/Scoop/apps/neovim/0.9.4/share/nvim/runtime/lua/vim/health.lua
[19:23:37.649][info] [#0:script\workspace\loading.lua:101]: Preload file at: file:///d%3A/Applications/Scoop/apps/neovim/0.9.4/share/nvim/runtime/lua/vim/highlight.lua , size = 3.876 KB
[19:23:37.649][info] [#0:script\workspace\loading.lua:113]: ++++As library of:	file:///d%3A/Applications/Scoop/apps/neovim/0.9.4/share/nvim/runtime/lua
[19:23:37.649][info] [#0:script\workspace\loading.lua:98]: Skip loaded file: file:///d%3A/Applications/Scoop/apps/neovim/0.9.4/share/nvim/runtime/lua/vim/highlight.lua
[19:23:37.649][info] [#0:script\workspace\loading.lua:101]: Preload file at: file:///d%3A/Applications/Scoop/apps/neovim/0.9.4/share/nvim/runtime/lua/vim/inspect.lua , size = 9.234 KB
[19:23:37.649][info] [#0:script\workspace\loading.lua:113]: ++++As library of:	file:///d%3A/Applications/Scoop/apps/neovim/0.9.4/share/nvim/runtime/lua
[19:23:37.649][info] [#0:script\workspace\loading.lua:98]: Skip loaded file: file:///d%3A/Applications/Scoop/apps/neovim/0.9.4/share/nvim/runtime/lua/vim/inspect.lua
[19:23:37.649][info] [#0:script\workspace\loading.lua:101]: Preload file at: file:///d%3A/Applications/Scoop/apps/neovim/0.9.4/share/nvim/runtime/lua/vim/keymap.lua , size = 3.687 KB
[19:23:37.649][info] [#0:script\workspace\loading.lua:113]: ++++As library of:	file:///d%3A/Applications/Scoop/apps/neovim/0.9.4/share/nvim/runtime/lua
[19:23:37.649][info] [#0:script\workspace\loading.lua:98]: Skip loaded file: file:///d%3A/Applications/Scoop/apps/neovim/0.9.4/share/nvim/runtime/lua/vim/keymap.lua
[19:23:37.649][info] [#0:script\workspace\loading.lua:101]: Preload file at: file:///d%3A/Applications/Scoop/apps/neovim/0.9.4/share/nvim/runtime/lua/vim/loader.lua , size = 16.706 KB
[19:23:37.665][info] [#0:script\workspace\loading.lua:113]: ++++As library of:	file:///d%3A/Applications/Scoop/apps/neovim/0.9.4/share/nvim/runtime/lua
[19:23:37.665][info] [#0:script\workspace\loading.lua:98]: Skip loaded file: file:///d%3A/Applications/Scoop/apps/neovim/0.9.4/share/nvim/runtime/lua/vim/loader.lua
[19:23:37.665][info] [#0:script\workspace\loading.lua:101]: Preload file at: file:///d%3A/Applications/Scoop/apps/neovim/0.9.4/share/nvim/runtime/lua/vim/lsp/buf.lua , size = 28.763 KB
[19:23:37.681][info] [#0:script\workspace\loading.lua:113]: ++++As library of:	file:///d%3A/Applications/Scoop/apps/neovim/0.9.4/share/nvim/runtime/lua
[19:23:37.681][info] [#0:script\workspace\loading.lua:98]: Skip loaded file: file:///d%3A/Applications/Scoop/apps/neovim/0.9.4/share/nvim/runtime/lua/vim/lsp/buf.lua
[19:23:37.681][info] [#0:script\workspace\loading.lua:101]: Preload file at: file:///d%3A/Applications/Scoop/apps/neovim/0.9.4/share/nvim/runtime/lua/vim/lsp/codelens.lua , size = 8.843 KB
[19:23:37.681][info] [#0:script\workspace\loading.lua:113]: ++++As library of:	file:///d%3A/Applications/Scoop/apps/neovim/0.9.4/share/nvim/runtime/lua
[19:23:37.681][info] [#0:script\workspace\loading.lua:98]: Skip loaded file: file:///d%3A/Applications/Scoop/apps/neovim/0.9.4/share/nvim/runtime/lua/vim/lsp/codelens.lua
[19:23:37.681][info] [#0:script\workspace\loading.lua:101]: Preload file at: file:///d%3A/Applications/Scoop/apps/neovim/0.9.4/share/nvim/runtime/lua/vim/lsp/diagnostic.lua , size = 9.157 KB
[19:23:37.681][info] [#0:script\workspace\loading.lua:113]: ++++As library of:	file:///d%3A/Applications/Scoop/apps/neovim/0.9.4/share/nvim/runtime/lua
[19:23:37.681][info] [#0:script\workspace\loading.lua:98]: Skip loaded file: file:///d%3A/Applications/Scoop/apps/neovim/0.9.4/share/nvim/runtime/lua/vim/lsp/diagnostic.lua
[19:23:37.681][info] [#0:script\workspace\loading.lua:101]: Preload file at: file:///d%3A/Applications/Scoop/apps/neovim/0.9.4/share/nvim/runtime/lua/vim/lsp/handlers.lua , size = 24.219 KB
[19:23:37.696][info] [#0:script\workspace\loading.lua:113]: ++++As library of:	file:///d%3A/Applications/Scoop/apps/neovim/0.9.4/share/nvim/runtime/lua
[19:23:37.696][info] [#0:script\workspace\loading.lua:98]: Skip loaded file: file:///d%3A/Applications/Scoop/apps/neovim/0.9.4/share/nvim/runtime/lua/vim/lsp/handlers.lua
[19:23:37.696][info] [#0:script\workspace\loading.lua:101]: Preload file at: file:///d%3A/Applications/Scoop/apps/neovim/0.9.4/share/nvim/runtime/lua/vim/lsp/health.lua , size = 1.283 KB
[19:23:37.696][info] [#0:script\workspace\loading.lua:113]: ++++As library of:	file:///d%3A/Applications/Scoop/apps/neovim/0.9.4/share/nvim/runtime/lua
[19:23:37.696][info] [#0:script\workspace\loading.lua:98]: Skip loaded file: file:///d%3A/Applications/Scoop/apps/neovim/0.9.4/share/nvim/runtime/lua/vim/lsp/health.lua
[19:23:37.696][info] [#0:script\workspace\loading.lua:101]: Preload file at: file:///d%3A/Applications/Scoop/apps/neovim/0.9.4/share/nvim/runtime/lua/vim/lsp/log.lua , size = 5.324 KB
[19:23:37.696][info] [#0:script\workspace\loading.lua:113]: ++++As library of:	file:///d%3A/Applications/Scoop/apps/neovim/0.9.4/share/nvim/runtime/lua
[19:23:37.696][info] [#0:script\workspace\loading.lua:98]: Skip loaded file: file:///d%3A/Applications/Scoop/apps/neovim/0.9.4/share/nvim/runtime/lua/vim/lsp/log.lua
[19:23:37.696][info] [#0:script\workspace\loading.lua:101]: Preload file at: file:///d%3A/Applications/Scoop/apps/neovim/0.9.4/share/nvim/runtime/lua/vim/lsp/protocol.lua , size = 29.243 KB
[19:23:37.712][info] [#0:script\workspace\loading.lua:113]: ++++As library of:	file:///d%3A/Applications/Scoop/apps/neovim/0.9.4/share/nvim/runtime/lua
[19:23:37.712][info] [#0:script\workspace\loading.lua:98]: Skip loaded file: file:///d%3A/Applications/Scoop/apps/neovim/0.9.4/share/nvim/runtime/lua/vim/lsp/protocol.lua
[19:23:37.712][info] [#0:script\workspace\loading.lua:101]: Preload file at: file:///d%3A/Applications/Scoop/apps/neovim/0.9.4/share/nvim/runtime/lua/vim/lsp/rpc.lua , size = 24.434 KB
[19:23:37.712][info] [#0:script\workspace\loading.lua:113]: ++++As library of:	file:///d%3A/Applications/Scoop/apps/neovim/0.9.4/share/nvim/runtime/lua
[19:23:37.712][info] [#0:script\workspace\loading.lua:98]: Skip loaded file: file:///d%3A/Applications/Scoop/apps/neovim/0.9.4/share/nvim/runtime/lua/vim/lsp/rpc.lua
[19:23:37.712][info] [#0:script\workspace\loading.lua:101]: Preload file at: file:///d%3A/Applications/Scoop/apps/neovim/0.9.4/share/nvim/runtime/lua/vim/lsp/semantic_tokens.lua , size = 26.716 KB
[19:23:37.727][info] [#0:script\workspace\loading.lua:113]: ++++As library of:	file:///d%3A/Applications/Scoop/apps/neovim/0.9.4/share/nvim/runtime/lua
[19:23:37.727][info] [#0:script\workspace\loading.lua:98]: Skip loaded file: file:///d%3A/Applications/Scoop/apps/neovim/0.9.4/share/nvim/runtime/lua/vim/lsp/semantic_tokens.lua
[19:23:37.727][info] [#0:script\workspace\loading.lua:101]: Preload file at: file:///d%3A/Applications/Scoop/apps/neovim/0.9.4/share/nvim/runtime/lua/vim/lsp/sync.lua , size = 16.120 KB
[19:23:37.759][info] [#0:script\workspace\loading.lua:113]: ++++As library of:	file:///d%3A/Applications/Scoop/apps/neovim/0.9.4/share/nvim/runtime/lua
[19:23:37.759][info] [#0:script\workspace\loading.lua:98]: Skip loaded file: file:///d%3A/Applications/Scoop/apps/neovim/0.9.4/share/nvim/runtime/lua/vim/lsp/sync.lua
[19:23:37.759][info] [#0:script\workspace\loading.lua:101]: Preload file at: file:///d%3A/Applications/Scoop/apps/neovim/0.9.4/share/nvim/runtime/lua/vim/lsp/tagfunc.lua , size = 2.414 KB
[19:23:37.759][info] [#0:script\workspace\loading.lua:113]: ++++As library of:	file:///d%3A/Applications/Scoop/apps/neovim/0.9.4/share/nvim/runtime/lua
[19:23:37.759][info] [#0:script\workspace\loading.lua:98]: Skip loaded file: file:///d%3A/Applications/Scoop/apps/neovim/0.9.4/share/nvim/runtime/lua/vim/lsp/tagfunc.lua
[19:23:37.759][info] [#0:script\workspace\loading.lua:101]: Preload file at: file:///d%3A/Applications/Scoop/apps/neovim/0.9.4/share/nvim/runtime/lua/vim/lsp/types.lua , size = 0.960 KB
[19:23:37.759][info] [#0:script\workspace\loading.lua:113]: ++++As library of:	file:///d%3A/Applications/Scoop/apps/neovim/0.9.4/share/nvim/runtime/lua
[19:23:37.759][info] [#0:script\workspace\loading.lua:98]: Skip loaded file: file:///d%3A/Applications/Scoop/apps/neovim/0.9.4/share/nvim/runtime/lua/vim/lsp/types.lua
[19:23:37.759][info] [#0:script\workspace\loading.lua:101]: Preload file at: file:///d%3A/Applications/Scoop/apps/neovim/0.9.4/share/nvim/runtime/lua/vim/lsp/util.lua , size = 72.870 KB
[19:23:37.806][info] [#0:script\workspace\loading.lua:113]: ++++As library of:	file:///d%3A/Applications/Scoop/apps/neovim/0.9.4/share/nvim/runtime/lua
[19:23:37.806][info] [#0:script\workspace\loading.lua:98]: Skip loaded file: file:///d%3A/Applications/Scoop/apps/neovim/0.9.4/share/nvim/runtime/lua/vim/lsp/util.lua
[19:23:37.806][info] [#0:script\workspace\loading.lua:101]: Preload file at: file:///d%3A/Applications/Scoop/apps/neovim/0.9.4/share/nvim/runtime/lua/vim/lsp/_snippet.lua , size = 11.232 KB
[19:23:37.806][info] [#0:script\workspace\loading.lua:113]: ++++As library of:	file:///d%3A/Applications/Scoop/apps/neovim/0.9.4/share/nvim/runtime/lua
[19:23:37.806][info] [#0:script\workspace\loading.lua:98]: Skip loaded file: file:///d%3A/Applications/Scoop/apps/neovim/0.9.4/share/nvim/runtime/lua/vim/lsp/_snippet.lua
[19:23:37.806][info] [#0:script\workspace\loading.lua:101]: Preload file at: file:///d%3A/Applications/Scoop/apps/neovim/0.9.4/share/nvim/runtime/lua/vim/lsp/_watchfiles.lua , size = 9.997 KB
[19:23:37.806][info] [#0:script\workspace\loading.lua:113]: ++++As library of:	file:///d%3A/Applications/Scoop/apps/neovim/0.9.4/share/nvim/runtime/lua
[19:23:37.806][info] [#0:script\workspace\loading.lua:98]: Skip loaded file: file:///d%3A/Applications/Scoop/apps/neovim/0.9.4/share/nvim/runtime/lua/vim/lsp/_watchfiles.lua
[19:23:37.806][info] [#0:script\workspace\loading.lua:101]: Preload file at: file:///d%3A/Applications/Scoop/apps/neovim/0.9.4/share/nvim/runtime/lua/vim/lsp.lua , size = 84.707 KB
[19:23:37.837][info] [#0:script\workspace\loading.lua:113]: ++++As library of:	file:///d%3A/Applications/Scoop/apps/neovim/0.9.4/share/nvim/runtime/lua
[19:23:37.837][info] [#0:script\workspace\loading.lua:98]: Skip loaded file: file:///d%3A/Applications/Scoop/apps/neovim/0.9.4/share/nvim/runtime/lua/vim/lsp.lua
[19:23:37.837][info] [#0:script\workspace\loading.lua:101]: Preload file at: file:///d%3A/Applications/Scoop/apps/neovim/0.9.4/share/nvim/runtime/lua/vim/secure.lua , size = 5.014 KB
[19:23:37.852][info] [#0:script\workspace\loading.lua:113]: ++++As library of:	file:///d%3A/Applications/Scoop/apps/neovim/0.9.4/share/nvim/runtime/lua
[19:23:37.852][info] [#0:script\workspace\loading.lua:98]: Skip loaded file: file:///d%3A/Applications/Scoop/apps/neovim/0.9.4/share/nvim/runtime/lua/vim/secure.lua
[19:23:37.852][info] [#0:script\workspace\loading.lua:101]: Preload file at: file:///d%3A/Applications/Scoop/apps/neovim/0.9.4/share/nvim/runtime/lua/vim/shared.lua , size = 23.084 KB
[19:23:37.852][info] [#0:script\workspace\loading.lua:113]: ++++As library of:	file:///d%3A/Applications/Scoop/apps/neovim/0.9.4/share/nvim/runtime/lua
[19:23:37.852][info] [#0:script\workspace\loading.lua:98]: Skip loaded file: file:///d%3A/Applications/Scoop/apps/neovim/0.9.4/share/nvim/runtime/lua/vim/shared.lua
[19:23:37.852][info] [#0:script\workspace\loading.lua:101]: Preload file at: file:///d%3A/Applications/Scoop/apps/neovim/0.9.4/share/nvim/runtime/lua/vim/treesitter/health.lua , size = 0.920 KB
[19:23:37.852][info] [#0:script\workspace\loading.lua:113]: ++++As library of:	file:///d%3A/Applications/Scoop/apps/neovim/0.9.4/share/nvim/runtime/lua
[19:23:37.852][info] [#0:script\workspace\loading.lua:98]: Skip loaded file: file:///d%3A/Applications/Scoop/apps/neovim/0.9.4/share/nvim/runtime/lua/vim/treesitter/health.lua
[19:23:37.852][info] [#0:script\workspace\loading.lua:101]: Preload file at: file:///d%3A/Applications/Scoop/apps/neovim/0.9.4/share/nvim/runtime/lua/vim/treesitter/highlighter.lua , size = 9.114 KB
[19:23:37.868][info] [#0:script\workspace\loading.lua:113]: ++++As library of:	file:///d%3A/Applications/Scoop/apps/neovim/0.9.4/share/nvim/runtime/lua
[19:23:37.868][info] [#0:script\workspace\loading.lua:98]: Skip loaded file: file:///d%3A/Applications/Scoop/apps/neovim/0.9.4/share/nvim/runtime/lua/vim/treesitter/highlighter.lua
[19:23:37.868][info] [#0:script\workspace\loading.lua:101]: Preload file at: file:///d%3A/Applications/Scoop/apps/neovim/0.9.4/share/nvim/runtime/lua/vim/treesitter/language.lua , size = 3.703 KB
[19:23:37.868][info] [#0:script\workspace\loading.lua:113]: ++++As library of:	file:///d%3A/Applications/Scoop/apps/neovim/0.9.4/share/nvim/runtime/lua
[19:23:37.868][info] [#0:script\workspace\loading.lua:98]: Skip loaded file: file:///d%3A/Applications/Scoop/apps/neovim/0.9.4/share/nvim/runtime/lua/vim/treesitter/language.lua
[19:23:37.868][info] [#0:script\workspace\loading.lua:101]: Preload file at: file:///d%3A/Applications/Scoop/apps/neovim/0.9.4/share/nvim/runtime/lua/vim/treesitter/languagetree.lua , size = 28.634 KB
[19:23:37.884][info] [#0:script\workspace\loading.lua:113]: ++++As library of:	file:///d%3A/Applications/Scoop/apps/neovim/0.9.4/share/nvim/runtime/lua
[19:23:37.884][info] [#0:script\workspace\loading.lua:98]: Skip loaded file: file:///d%3A/Applications/Scoop/apps/neovim/0.9.4/share/nvim/runtime/lua/vim/treesitter/languagetree.lua
[19:23:37.884][info] [#0:script\workspace\loading.lua:101]: Preload file at: file:///d%3A/Applications/Scoop/apps/neovim/0.9.4/share/nvim/runtime/lua/vim/treesitter/playground.lua , size = 12.990 KB
[19:23:37.884][info] [#0:script\workspace\loading.lua:113]: ++++As library of:	file:///d%3A/Applications/Scoop/apps/neovim/0.9.4/share/nvim/runtime/lua
[19:23:37.884][info] [#0:script\workspace\loading.lua:98]: Skip loaded file: file:///d%3A/Applications/Scoop/apps/neovim/0.9.4/share/nvim/runtime/lua/vim/treesitter/playground.lua
[19:23:37.884][info] [#0:script\workspace\loading.lua:101]: Preload file at: file:///d%3A/Applications/Scoop/apps/neovim/0.9.4/share/nvim/runtime/lua/vim/treesitter/query.lua , size = 21.953 KB
[19:23:37.899][info] [#0:script\workspace\loading.lua:113]: ++++As library of:	file:///d%3A/Applications/Scoop/apps/neovim/0.9.4/share/nvim/runtime/lua
[19:23:37.899][info] [#0:script\workspace\loading.lua:98]: Skip loaded file: file:///d%3A/Applications/Scoop/apps/neovim/0.9.4/share/nvim/runtime/lua/vim/treesitter/query.lua
[19:23:37.899][info] [#0:script\workspace\loading.lua:101]: Preload file at: file:///d%3A/Applications/Scoop/apps/neovim/0.9.4/share/nvim/runtime/lua/vim/treesitter/_fold.lua , size = 8.509 KB
[19:23:37.899][info] [#0:script\workspace\loading.lua:113]: ++++As library of:	file:///d%3A/Applications/Scoop/apps/neovim/0.9.4/share/nvim/runtime/lua
[19:23:37.899][info] [#0:script\workspace\loading.lua:98]: Skip loaded file: file:///d%3A/Applications/Scoop/apps/neovim/0.9.4/share/nvim/runtime/lua/vim/treesitter/_fold.lua
[19:23:37.899][info] [#0:script\workspace\loading.lua:101]: Preload file at: file:///d%3A/Applications/Scoop/apps/neovim/0.9.4/share/nvim/runtime/lua/vim/treesitter/_meta.lua , size = 2.905 KB
[19:23:37.915][info] [#0:script\workspace\loading.lua:113]: ++++As library of:	file:///d%3A/Applications/Scoop/apps/neovim/0.9.4/share/nvim/runtime/lua
[19:23:37.915][info] [#0:script\workspace\loading.lua:98]: Skip loaded file: file:///d%3A/Applications/Scoop/apps/neovim/0.9.4/share/nvim/runtime/lua/vim/treesitter/_meta.lua
[19:23:37.915][info] [#0:script\workspace\loading.lua:101]: Preload file at: file:///d%3A/Applications/Scoop/apps/neovim/0.9.4/share/nvim/runtime/lua/vim/treesitter/_range.lua , size = 3.814 KB
[19:23:37.915][info] [#0:script\workspace\loading.lua:113]: ++++As library of:	file:///d%3A/Applications/Scoop/apps/neovim/0.9.4/share/nvim/runtime/lua
[19:23:37.915][info] [#0:script\workspace\loading.lua:98]: Skip loaded file: file:///d%3A/Applications/Scoop/apps/neovim/0.9.4/share/nvim/runtime/lua/vim/treesitter/_range.lua
[19:23:37.915][info] [#0:script\workspace\loading.lua:101]: Preload file at: file:///d%3A/Applications/Scoop/apps/neovim/0.9.4/share/nvim/runtime/lua/vim/treesitter.lua , size = 15.722 KB
[19:23:37.915][info] [#0:script\workspace\loading.lua:113]: ++++As library of:	file:///d%3A/Applications/Scoop/apps/neovim/0.9.4/share/nvim/runtime/lua
[19:23:37.915][info] [#0:script\workspace\loading.lua:98]: Skip loaded file: file:///d%3A/Applications/Scoop/apps/neovim/0.9.4/share/nvim/runtime/lua/vim/treesitter.lua
[19:23:37.915][info] [#0:script\workspace\loading.lua:101]: Preload file at: file:///d%3A/Applications/Scoop/apps/neovim/0.9.4/share/nvim/runtime/lua/vim/ui.lua , size = 3.776 KB
[19:23:37.915][info] [#0:script\workspace\loading.lua:113]: ++++As library of:	file:///d%3A/Applications/Scoop/apps/neovim/0.9.4/share/nvim/runtime/lua
[19:23:37.915][info] [#0:script\workspace\loading.lua:98]: Skip loaded file: file:///d%3A/Applications/Scoop/apps/neovim/0.9.4/share/nvim/runtime/lua/vim/ui.lua
[19:23:37.915][info] [#0:script\workspace\loading.lua:101]: Preload file at: file:///d%3A/Applications/Scoop/apps/neovim/0.9.4/share/nvim/runtime/lua/vim/uri.lua , size = 3.510 KB
[19:23:37.915][info] [#0:script\workspace\loading.lua:113]: ++++As library of:	file:///d%3A/Applications/Scoop/apps/neovim/0.9.4/share/nvim/runtime/lua
[19:23:37.915][info] [#0:script\workspace\loading.lua:98]: Skip loaded file: file:///d%3A/Applications/Scoop/apps/neovim/0.9.4/share/nvim/runtime/lua/vim/uri.lua
[19:23:37.915][info] [#0:script\workspace\loading.lua:101]: Preload file at: file:///d%3A/Applications/Scoop/apps/neovim/0.9.4/share/nvim/runtime/lua/vim/version.lua , size = 12.554 KB
[19:23:37.962][info] [#0:script\workspace\loading.lua:113]: ++++As library of:	file:///d%3A/Applications/Scoop/apps/neovim/0.9.4/share/nvim/runtime/lua
[19:23:37.962][info] [#0:script\workspace\loading.lua:98]: Skip loaded file: file:///d%3A/Applications/Scoop/apps/neovim/0.9.4/share/nvim/runtime/lua/vim/version.lua
[19:23:37.962][info] [#0:script\workspace\loading.lua:101]: Preload file at: file:///d%3A/Applications/Scoop/apps/neovim/0.9.4/share/nvim/runtime/lua/vim/_editor.lua , size = 30.314 KB
[19:23:37.977][info] [#0:script\workspace\loading.lua:113]: ++++As library of:	file:///d%3A/Applications/Scoop/apps/neovim/0.9.4/share/nvim/runtime/lua
[19:23:37.977][info] [#0:script\workspace\loading.lua:98]: Skip loaded file: file:///d%3A/Applications/Scoop/apps/neovim/0.9.4/share/nvim/runtime/lua/vim/_editor.lua
[19:23:37.977][info] [#0:script\workspace\loading.lua:101]: Preload file at: file:///d%3A/Applications/Scoop/apps/neovim/0.9.4/share/nvim/runtime/lua/vim/_init_packages.lua , size = 2.861 KB
[19:23:37.977][info] [#0:script\workspace\loading.lua:113]: ++++As library of:	file:///d%3A/Applications/Scoop/apps/neovim/0.9.4/share/nvim/runtime/lua
[19:23:37.977][info] [#0:script\workspace\loading.lua:98]: Skip loaded file: file:///d%3A/Applications/Scoop/apps/neovim/0.9.4/share/nvim/runtime/lua/vim/_init_packages.lua
[19:23:37.977][info] [#0:script\workspace\loading.lua:101]: Preload file at: file:///d%3A/Applications/Scoop/apps/neovim/0.9.4/share/nvim/runtime/lua/vim/_inspector.lua , size = 8.159 KB
[19:23:37.977][info] [#0:script\workspace\loading.lua:113]: ++++As library of:	file:///d%3A/Applications/Scoop/apps/neovim/0.9.4/share/nvim/runtime/lua
[19:23:37.977][info] [#0:script\workspace\loading.lua:98]: Skip loaded file: file:///d%3A/Applications/Scoop/apps/neovim/0.9.4/share/nvim/runtime/lua/vim/_inspector.lua
[19:23:37.977][info] [#0:script\workspace\loading.lua:101]: Preload file at: file:///d%3A/Applications/Scoop/apps/neovim/0.9.4/share/nvim/runtime/lua/vim/_options.lua , size = 12.791 KB
[19:23:37.977][info] [#0:script\workspace\loading.lua:113]: ++++As library of:	file:///d%3A/Applications/Scoop/apps/neovim/0.9.4/share/nvim/runtime/lua
[19:23:37.977][info] [#0:script\workspace\loading.lua:98]: Skip loaded file: file:///d%3A/Applications/Scoop/apps/neovim/0.9.4/share/nvim/runtime/lua/vim/_options.lua
[19:23:37.977][info] [#0:script\workspace\loading.lua:101]: Preload file at: file:///d%3A/Applications/Scoop/apps/neovim/0.9.4/share/nvim/runtime/lua/vim/_watch.lua , size = 5.564 KB
[19:23:37.993][info] [#0:script\workspace\loading.lua:113]: ++++As library of:	file:///d%3A/Applications/Scoop/apps/neovim/0.9.4/share/nvim/runtime/lua
[19:23:37.993][info] [#0:script\workspace\loading.lua:98]: Skip loaded file: file:///d%3A/Applications/Scoop/apps/neovim/0.9.4/share/nvim/runtime/lua/vim/_watch.lua
[19:23:37.993][info] [#0:script\workspace\loading.lua:101]: Preload file at: file:///d%3A/Applications/Scoop/apps/neovim/0.9.4/share/nvim/runtime/lua/_vim9script.lua , size = 16.074 KB
[19:23:37.993][info] [#0:script\workspace\loading.lua:113]: ++++As library of:	file:///d%3A/Applications/Scoop/apps/neovim/0.9.4/share/nvim/runtime/lua
[19:23:37.993][info] [#0:script\workspace\loading.lua:98]: Skip loaded file: file:///d%3A/Applications/Scoop/apps/neovim/0.9.4/share/nvim/runtime/lua/_vim9script.lua
[19:23:37.993][info] [#0:script\workspace\loading.lua:101]: Preload file at: file:///c%3A/Users/joe.zhao/AppData/Local/nvim/bin/lsp/win/lua-ls/meta/LuaJIT%20en-us%20utf8/math.lua , size = 7.949 KB
[19:23:38.009][info] [#0:script\workspace\loading.lua:113]: ++++As library of:	file:///c%3A/Users/joe.zhao/AppData/Local/nvim/bin/lsp/win/lua-ls/meta/LuaJIT%20en-us%20utf8/math.lua
[19:23:38.009][info] [#0:script\workspace\loading.lua:98]: Skip loaded file: file:///c%3A/Users/joe.zhao/AppData/Local/nvim/bin/lsp/win/lua-ls/meta/LuaJIT%20en-us%20utf8/math.lua
[19:23:38.009][info] [#0:script\workspace\loading.lua:101]: Preload file at: file:///c%3A/Users/joe.zhao/AppData/Local/nvim/bin/lsp/win/lua-ls/meta/LuaJIT%20en-us%20utf8/debug.lua , size = 7.310 KB
[19:23:38.009][info] [#0:script\workspace\loading.lua:113]: ++++As library of:	file:///c%3A/Users/joe.zhao/AppData/Local/nvim/bin/lsp/win/lua-ls/meta/LuaJIT%20en-us%20utf8/debug.lua
[19:23:38.009][info] [#0:script\workspace\loading.lua:98]: Skip loaded file: file:///c%3A/Users/joe.zhao/AppData/Local/nvim/bin/lsp/win/lua-ls/meta/LuaJIT%20en-us%20utf8/debug.lua
[19:23:38.009][info] [#0:script\workspace\loading.lua:101]: Preload file at: file:///c%3A/Users/joe.zhao/AppData/Local/nvim/lua/basic.lua , size = 3.467 KB
[19:23:38.009][info] [#0:script\workspace\loading.lua:113]: ++++As library of:	file:///c%3A/Users/joe.zhao/AppData/Local/nvim/lua
[19:23:38.009][info] [#0:script\workspace\loading.lua:98]: Skip loaded file: file:///c%3A/Users/joe.zhao/AppData/Local/nvim/lua/basic.lua
[19:23:38.009][info] [#0:script\workspace\loading.lua:101]: Preload file at: file:///c%3A/Users/joe.zhao/AppData/Local/nvim/lua/config/autopairs.lua , size = 0.038 KB
[19:23:38.009][info] [#0:script\workspace\loading.lua:113]: ++++As library of:	file:///c%3A/Users/joe.zhao/AppData/Local/nvim/lua
[19:23:38.009][info] [#0:script\workspace\loading.lua:98]: Skip loaded file: file:///c%3A/Users/joe.zhao/AppData/Local/nvim/lua/config/autopairs.lua
[19:23:38.009][info] [#0:script\workspace\loading.lua:101]: Preload file at: file:///c%3A/Users/joe.zhao/AppData/Local/nvim/lua/config/bqf.lua , size = 0.106 KB
[19:23:38.009][info] [#0:script\workspace\loading.lua:113]: ++++As library of:	file:///c%3A/Users/joe.zhao/AppData/Local/nvim/lua
[19:23:38.009][info] [#0:script\workspace\loading.lua:98]: Skip loaded file: file:///c%3A/Users/joe.zhao/AppData/Local/nvim/lua/config/bqf.lua
[19:23:38.009][info] [#0:script\workspace\loading.lua:101]: Preload file at: file:///c%3A/Users/joe.zhao/AppData/Local/nvim/lua/config/bufferline.lua , size = 1.375 KB
[19:23:38.009][info] [#0:script\workspace\loading.lua:113]: ++++As library of:	file:///c%3A/Users/joe.zhao/AppData/Local/nvim/lua
[19:23:38.009][info] [#0:script\workspace\loading.lua:98]: Skip loaded file: file:///c%3A/Users/joe.zhao/AppData/Local/nvim/lua/config/bufferline.lua
[19:23:38.009][info] [#0:script\workspace\loading.lua:101]: Preload file at: file:///c%3A/Users/joe.zhao/AppData/Local/nvim/lua/config/gitsigns.lua , size = 2.704 KB
[19:23:38.009][info] [#0:script\workspace\loading.lua:113]: ++++As library of:	file:///c%3A/Users/joe.zhao/AppData/Local/nvim/lua
[19:23:38.009][info] [#0:script\workspace\loading.lua:98]: Skip loaded file: file:///c%3A/Users/joe.zhao/AppData/Local/nvim/lua/config/gitsigns.lua
[19:23:38.009][info] [#0:script\workspace\loading.lua:101]: Preload file at: file:///c%3A/Users/joe.zhao/AppData/Local/nvim/lua/config/indent-blankline.lua , size = 0.847 KB
[19:23:38.009][info] [#0:script\workspace\loading.lua:113]: ++++As library of:	file:///c%3A/Users/joe.zhao/AppData/Local/nvim/lua
[19:23:38.009][info] [#0:script\workspace\loading.lua:98]: Skip loaded file: file:///c%3A/Users/joe.zhao/AppData/Local/nvim/lua/config/indent-blankline.lua
[19:23:38.009][info] [#0:script\workspace\loading.lua:101]: Preload file at: file:///c%3A/Users/joe.zhao/AppData/Local/nvim/lua/config/nvim-tree.lua , size = 2.186 KB
[19:23:38.009][info] [#0:script\workspace\loading.lua:113]: ++++As library of:	file:///c%3A/Users/joe.zhao/AppData/Local/nvim/lua
[19:23:38.009][info] [#0:script\workspace\loading.lua:98]: Skip loaded file: file:///c%3A/Users/joe.zhao/AppData/Local/nvim/lua/config/nvim-tree.lua
[19:23:38.009][info] [#0:script\workspace\loading.lua:101]: Preload file at: file:///c%3A/Users/joe.zhao/AppData/Local/nvim/lua/config/spectre.lua , size = 5.076 KB
[19:23:38.009][info] [#0:script\workspace\loading.lua:113]: ++++As library of:	file:///c%3A/Users/joe.zhao/AppData/Local/nvim/lua
[19:23:38.009][info] [#0:script\workspace\loading.lua:98]: Skip loaded file: file:///c%3A/Users/joe.zhao/AppData/Local/nvim/lua/config/spectre.lua
[19:23:38.009][info] [#0:script\workspace\loading.lua:101]: Preload file at: file:///c%3A/Users/joe.zhao/AppData/Local/nvim/lua/config/statusline.lua , size = 4.675 KB
[19:23:38.024][info] [#0:script\workspace\loading.lua:113]: ++++As library of:	file:///c%3A/Users/joe.zhao/AppData/Local/nvim/lua
[19:23:38.024][info] [#0:script\workspace\loading.lua:98]: Skip loaded file: file:///c%3A/Users/joe.zhao/AppData/Local/nvim/lua/config/statusline.lua
[19:23:38.024][info] [#0:script\workspace\loading.lua:101]: Preload file at: file:///c%3A/Users/joe.zhao/AppData/Local/nvim/lua/config/telescope.lua , size = 1.405 KB
[19:23:38.024][info] [#0:script\workspace\loading.lua:113]: ++++As library of:	file:///c%3A/Users/joe.zhao/AppData/Local/nvim/lua
[19:23:38.024][info] [#0:script\workspace\loading.lua:98]: Skip loaded file: file:///c%3A/Users/joe.zhao/AppData/Local/nvim/lua/config/telescope.lua
[19:23:38.024][info] [#0:script\workspace\loading.lua:101]: Preload file at: file:///c%3A/Users/joe.zhao/AppData/Local/nvim/lua/config/zen-mode.lua , size = 0.549 KB
[19:23:38.024][info] [#0:script\workspace\loading.lua:113]: ++++As library of:	file:///c%3A/Users/joe.zhao/AppData/Local/nvim/lua
[19:23:38.024][info] [#0:script\workspace\loading.lua:98]: Skip loaded file: file:///c%3A/Users/joe.zhao/AppData/Local/nvim/lua/config/zen-mode.lua
[19:23:38.024][info] [#0:script\workspace\loading.lua:101]: Preload file at: file:///c%3A/Users/joe.zhao/AppData/Local/nvim/lua/lsp-zero-config.lua , size = 1.958 KB
[19:23:38.024][info] [#0:script\workspace\loading.lua:113]: ++++As library of:	file:///c%3A/Users/joe.zhao/AppData/Local/nvim/lua
[19:23:38.024][info] [#0:script\workspace\loading.lua:98]: Skip loaded file: file:///c%3A/Users/joe.zhao/AppData/Local/nvim/lua/lsp-zero-config.lua
[19:23:38.024][info] [#0:script\workspace\loading.lua:101]: Preload file at: file:///c%3A/Users/joe.zhao/AppData/Local/nvim/lua/plugins.lua , size = 6.233 KB
[19:23:38.024][info] [#0:script\workspace\loading.lua:113]: ++++As library of:	file:///c%3A/Users/joe.zhao/AppData/Local/nvim/lua
[19:23:38.024][info] [#0:script\workspace\loading.lua:98]: Skip loaded file: file:///c%3A/Users/joe.zhao/AppData/Local/nvim/lua/plugins.lua
[19:23:38.024][info] [#0:script\workspace\loading.lua:101]: Preload file at: file:///c%3A/Users/joe.zhao/AppData/Local/nvim/lua/utils.lua , size = 1.245 KB
[19:23:38.024][info] [#0:script\workspace\loading.lua:113]: ++++As library of:	file:///c%3A/Users/joe.zhao/AppData/Local/nvim/lua
[19:23:38.024][info] [#0:script\workspace\loading.lua:98]: Skip loaded file: file:///c%3A/Users/joe.zhao/AppData/Local/nvim/lua/utils.lua
[19:23:38.024][info] [#0:script\workspace\loading.lua:101]: Preload file at: file:///c%3A/Users/joe.zhao/AppData/Local/nvim/bin/lsp/win/lua-ls/meta/LuaJIT%20en-us%20utf8/package.lua , size = 2.699 KB
[19:23:38.024][info] [#0:script\workspace\loading.lua:113]: ++++As library of:	file:///c%3A/Users/joe.zhao/AppData/Local/nvim/bin/lsp/win/lua-ls/meta/LuaJIT%20en-us%20utf8/package.lua
[19:23:38.024][info] [#0:script\workspace\loading.lua:98]: Skip loaded file: file:///c%3A/Users/joe.zhao/AppData/Local/nvim/bin/lsp/win/lua-ls/meta/LuaJIT%20en-us%20utf8/package.lua
[19:23:38.024][info] [#0:script\workspace\loading.lua:101]: Preload file at: file:///c%3A/Users/joe.zhao/AppData/Local/nvim/bin/lsp/win/lua-ls/meta/LuaJIT%20en-us%20utf8/os.lua , size = 5.600 KB
[19:23:38.024][info] [#0:script\workspace\loading.lua:113]: ++++As library of:	file:///c%3A/Users/joe.zhao/AppData/Local/nvim/bin/lsp/win/lua-ls/meta/LuaJIT%20en-us%20utf8/os.lua
[19:23:38.024][info] [#0:script\workspace\loading.lua:98]: Skip loaded file: file:///c%3A/Users/joe.zhao/AppData/Local/nvim/bin/lsp/win/lua-ls/meta/LuaJIT%20en-us%20utf8/os.lua
[19:23:38.024][info] [#0:script\workspace\loading.lua:101]: Preload file at: file:///c%3A/Users/joe.zhao/AppData/Local/nvim/bin/lsp/win/lua-ls/meta/LuaJIT%20en-us%20utf8/jit/util.lua , size = 1.984 KB
[19:23:38.024][info] [#0:script\workspace\loading.lua:113]: ++++As library of:	file:///c%3A/Users/joe.zhao/AppData/Local/nvim/bin/lsp/win/lua-ls/meta/LuaJIT%20en-us%20utf8/jit/util.lua
[19:23:38.024][info] [#0:script\workspace\loading.lua:98]: Skip loaded file: file:///c%3A/Users/joe.zhao/AppData/Local/nvim/bin/lsp/win/lua-ls/meta/LuaJIT%20en-us%20utf8/jit/util.lua
[19:23:38.024][info] [#0:script\workspace\loading.lua:101]: Preload file at: file:///c%3A/Users/joe.zhao/AppData/Local/nvim/bin/lsp/win/lua-ls/meta/LuaJIT%20en-us%20utf8/ffi.lua , size = 2.529 KB
[19:23:38.024][info] [#0:script\workspace\loading.lua:113]: ++++As library of:	file:///c%3A/Users/joe.zhao/AppData/Local/nvim/bin/lsp/win/lua-ls/meta/LuaJIT%20en-us%20utf8/ffi.lua
[19:23:38.040][info] [#0:script\workspace\loading.lua:98]: Skip loaded file: file:///c%3A/Users/joe.zhao/AppData/Local/nvim/bin/lsp/win/lua-ls/meta/LuaJIT%20en-us%20utf8/ffi.lua
[19:23:38.134][info] [#0:script\workspace\loading.lua:173]: Loaded files takes [0.924] sec: <fallback>
[19:23:38.134][info] [#0:script\workspace\loading.lua:182]: Compile files takes [0.000] sec: <fallback>
[19:23:38.134][info] [#0:script\workspace\loading.lua:183]: Loaded finish:	<fallback>
[19:23:38.134][info] [#0:script\workspace\workspace.lua:381]: Preload finish at:	<fallback>
[19:23:38.149][info] [#0:script\workspace\loading.lua:173]: Loaded files takes [0.939] sec: file:///c%3A/Users/joe.zhao/AppData/Local/nvim/lua/lua
[19:23:38.149][info] [#0:script\workspace\loading.lua:182]: Compile files takes [0.001] sec: file:///c%3A/Users/joe.zhao/AppData/Local/nvim/lua/lua
[19:23:38.149][info] [#0:script\workspace\loading.lua:183]: Loaded finish:	file:///c%3A/Users/joe.zhao/AppData/Local/nvim/lua/lua
[19:23:38.149][info] [#0:script\workspace\workspace.lua:381]: Preload finish at:	file:///c%3A/Users/joe.zhao/AppData/Local/nvim/lua/lua
[19:23:38.165][warn] [#0:script\proto\proto.lua:190]: Method [textDocument/didOpen] takes [1.747]sec. {
  jsonrpc = "2.0",
  method = "textDocument/didOpen",
  params = {
    textDocument = {
      languageId = "lua",
      text = '"***"',
      uri = "file:///C:/Users/joe.zhao/AppData/Local/nvim/init.lua",
      version = 0
    }
  }
}
[19:23:38.165][info] [#0:script\provider\diagnostic.lua:557]: Diagnostics scope [file:///c%3A/Users/joe.zhao/AppData/Local/nvim/lua/lua], files count:[102]
[19:23:38.165][warn] [#0:script\proto\proto.lua:190]: Method [textDocument/semanticTokens/full] takes [1.187]sec. {
  id = 8,
  jsonrpc = "2.0",
  method = "textDocument/semanticTokens/full",
  params = {
    textDocument = {
      uri = "file:///C:/Users/joe.zhao/AppData/Local/nvim/init.lua"
    }
  }
}
[19:23:38.181][info] [#0:script\provider\diagnostic.lua:574]: Diagnostics scope [file:///c%3A/Users/joe.zhao/AppData/Local/nvim/lua/lua] finished, takes [0.002] sec.
[19:27:43.852][info] [#0:script\provider\provider.lua:169]: Server shutdown.
